<?xml version="1.0" encoding="UTF-8"?>
<testng-results ignored="0" total="1" passed="0" failed="1" skipped="0">
  <reporter-output>
    <line>
      <![CDATA[waiting for 100 milli sec]]>
    </line>
    <line>
      <![CDATA[readind data url from propertyFile]]>
    </line>
    <line>
      <![CDATA[Launching browser]]>
    </line>
    <line>
      <![CDATA[waiting for 1000 milli sec]]>
    </line>
    <line>
      <![CDATA[clicking on home page signInButton]]>
    </line>
    <line>
      <![CDATA[waiting for 1000 milli sec]]>
    </line>
    <line>
      <![CDATA[readind data mobNum from propertyFile]]>
    </line>
    <line>
      <![CDATA[entering mobile number]]>
    </line>
    <line>
      <![CDATA[waiting for 1000 milli sec]]>
    </line>
    <line>
      <![CDATA[clicking on signInWithPassword]]>
    </line>
    <line>
      <![CDATA[waiting for 1000 milli sec]]>
    </line>
    <line>
      <![CDATA[readind data pwd from propertyFile]]>
    </line>
    <line>
      <![CDATA[entring password]]>
    </line>
    <line>
      <![CDATA[waiting for 1000 milli sec]]>
    </line>
    <line>
      <![CDATA[clicking on signInButton]]>
    </line>
    <line>
      <![CDATA[waiting for 1000 milli sec]]>
    </line>
    <line>
      <![CDATA[clicking on myAccount Button]]>
    </line>
    <line>
      <![CDATA[waiting for 1000 milli sec]]>
    </line>
    <line>
      <![CDATA[clicking on myProfile Button]]>
    </line>
    <line>
      <![CDATA[waiting for 1000 milli sec]]>
    </line>
    <line>
      <![CDATA[switching to child page]]>
    </line>
    <line>
      <![CDATA[waiting for 200 milli sec]]>
    </line>
    <line>
      <![CDATA[TC execustion started for TC validateUserName]]>
    </line>
    <line>
      <![CDATA[waiting for 1000 milli sec]]>
    </line>
    <line>
      <![CDATA[getting actual userName]]>
    </line>
    <line>
      <![CDATA[waiting for 2000 milli sec]]>
    </line>
    <line>
      <![CDATA[readind data UN from propertyFile]]>
    </line>
    <line>
      <![CDATA[taking screenshot]]>
    </line>
    <line>
      <![CDATA[screenShot location is ... D:\Yogendra\PolicyBazaar\screenshots\validateUserName.png]]>
    </line>
    <line>
      <![CDATA[logging out...]]>
    </line>
    <line>
      <![CDATA[waiting for 1000 milli sec]]>
    </line>
    <line>
      <![CDATA[Closing Browser]]>
    </line>
  </reporter-output>
  <suite started-at="2023-07-01T09:04:14 IST" name="Suite" finished-at="2023-07-01T09:04:34 IST" duration-ms="20716">
    <groups>
    </groups>
    <test started-at="2023-07-01T09:04:14 IST" name="Test" finished-at="2023-07-01T09:04:34 IST" duration-ms="20716">
      <class name="test.PB_TC_1020_ValidatePolicyUserName">
        <test-method is-config="true" signature="launchPolicyBazaar()[pri:0, instance:test.PB_TC_1020_ValidatePolicyUserName@53045c6c]" started-at="2023-07-01T09:04:14 IST" name="launchPolicyBazaar" finished-at="2023-07-01T09:04:20 IST" duration-ms="6340" status="PASS">
          <reporter-output>
            <line>
              <![CDATA[waiting for 100 milli sec]]>
            </line>
            <line>
              <![CDATA[readind data url from propertyFile]]>
            </line>
            <line>
              <![CDATA[Launching browser]]>
            </line>
          </reporter-output>
        </test-method> <!-- launchPolicyBazaar -->
        <test-method is-config="true" signature="signInToPolicyBazaar()[pri:0, instance:test.PB_TC_1020_ValidatePolicyUserName@53045c6c]" started-at="2023-07-01T09:04:20 IST" name="signInToPolicyBazaar" finished-at="2023-07-01T09:04:30 IST" duration-ms="9645" status="PASS">
          <reporter-output>
            <line>
              <![CDATA[waiting for 1000 milli sec]]>
            </line>
            <line>
              <![CDATA[clicking on home page signInButton]]>
            </line>
            <line>
              <![CDATA[waiting for 1000 milli sec]]>
            </line>
            <line>
              <![CDATA[readind data mobNum from propertyFile]]>
            </line>
            <line>
              <![CDATA[entering mobile number]]>
            </line>
            <line>
              <![CDATA[waiting for 1000 milli sec]]>
            </line>
            <line>
              <![CDATA[clicking on signInWithPassword]]>
            </line>
            <line>
              <![CDATA[waiting for 1000 milli sec]]>
            </line>
            <line>
              <![CDATA[readind data pwd from propertyFile]]>
            </line>
            <line>
              <![CDATA[entring password]]>
            </line>
            <line>
              <![CDATA[waiting for 1000 milli sec]]>
            </line>
            <line>
              <![CDATA[clicking on signInButton]]>
            </line>
            <line>
              <![CDATA[waiting for 1000 milli sec]]>
            </line>
            <line>
              <![CDATA[clicking on myAccount Button]]>
            </line>
            <line>
              <![CDATA[waiting for 1000 milli sec]]>
            </line>
            <line>
              <![CDATA[clicking on myProfile Button]]>
            </line>
            <line>
              <![CDATA[waiting for 1000 milli sec]]>
            </line>
            <line>
              <![CDATA[switching to child page]]>
            </line>
            <line>
              <![CDATA[waiting for 200 milli sec]]>
            </line>
          </reporter-output>
        </test-method> <!-- signInToPolicyBazaar -->
        <test-method signature="validateUserName()[pri:0, instance:test.PB_TC_1020_ValidatePolicyUserName@53045c6c]" started-at="2023-07-01T09:04:30 IST" name="validateUserName" finished-at="2023-07-01T09:04:33 IST" duration-ms="3062" status="FAIL">
          <exception class="java.lang.AssertionError">
            <message>
              <![CDATA[TC is failed actual and expected are not matching expected [Rajashri Kadam1] but found [Rajashri Kadam]]]>
            </message>
            <full-stacktrace>
              <![CDATA[java.lang.AssertionError: TC is failed actual and expected are not matching expected [Rajashri Kadam1] but found [Rajashri Kadam]
at org.testng.Assert.fail(Assert.java:111)
at org.testng.Assert.failNotEquals(Assert.java:1578)
at org.testng.Assert.assertEqualsImpl(Assert.java:150)
at org.testng.Assert.assertEquals(Assert.java:132)
at org.testng.Assert.assertEquals(Assert.java:656)
at test.PB_TC_1020_ValidatePolicyUserName.validateUserName(PB_TC_1020_ValidatePolicyUserName.java:78)
at java.base/jdk.internal.reflect.NativeMethodAccessorImpl.invoke0(Native Method)
at java.base/jdk.internal.reflect.NativeMethodAccessorImpl.invoke(NativeMethodAccessorImpl.java:77)
at java.base/jdk.internal.reflect.DelegatingMethodAccessorImpl.invoke(DelegatingMethodAccessorImpl.java:43)
at java.base/java.lang.reflect.Method.invoke(Method.java:568)
at org.testng.internal.invokers.MethodInvocationHelper.invokeMethod(MethodInvocationHelper.java:139)
at org.testng.internal.invokers.TestInvoker.invokeMethod(TestInvoker.java:664)
at org.testng.internal.invokers.TestInvoker.invokeTestMethod(TestInvoker.java:227)
at org.testng.internal.invokers.MethodRunner.runInSequence(MethodRunner.java:50)
at org.testng.internal.invokers.TestInvoker$MethodInvocationAgent.invoke(TestInvoker.java:957)
at org.testng.internal.invokers.TestInvoker.invokeTestMethods(TestInvoker.java:200)
at org.testng.internal.invokers.TestMethodWorker.invokeTestMethods(TestMethodWorker.java:148)
at org.testng.internal.invokers.TestMethodWorker.run(TestMethodWorker.java:128)
at java.base/java.util.ArrayList.forEach(ArrayList.java:1511)
at org.testng.TestRunner.privateRun(TestRunner.java:848)
at org.testng.TestRunner.run(TestRunner.java:621)
at org.testng.SuiteRunner.runTest(SuiteRunner.java:443)
at org.testng.SuiteRunner.runSequentially(SuiteRunner.java:437)
at org.testng.SuiteRunner.privateRun(SuiteRunner.java:397)
at org.testng.SuiteRunner.run(SuiteRunner.java:336)
at org.testng.SuiteRunnerWorker.runSuite(SuiteRunnerWorker.java:52)
at org.testng.SuiteRunnerWorker.run(SuiteRunnerWorker.java:95)
at org.testng.TestNG.runSuitesSequentially(TestNG.java:1280)
at org.testng.TestNG.runSuitesLocally(TestNG.java:1200)
at org.testng.TestNG.runSuites(TestNG.java:1114)
at org.testng.TestNG.run(TestNG.java:1082)
at org.testng.remote.AbstractRemoteTestNG.run(AbstractRemoteTestNG.java:115)
at org.testng.remote.RemoteTestNG.initAndRun(RemoteTestNG.java:251)
at org.testng.remote.RemoteTestNG.main(RemoteTestNG.java:77)
]]>
            </full-stacktrace>
          </exception> <!-- java.lang.AssertionError -->
          <reporter-output>
            <line>
              <![CDATA[TC execustion started for TC validateUserName]]>
            </line>
            <line>
              <![CDATA[waiting for 1000 milli sec]]>
            </line>
            <line>
              <![CDATA[getting actual userName]]>
            </line>
            <line>
              <![CDATA[waiting for 2000 milli sec]]>
            </line>
            <line>
              <![CDATA[readind data UN from propertyFile]]>
            </line>
            <line>
              <![CDATA[taking screenshot]]>
            </line>
            <line>
              <![CDATA[screenShot location is ... D:\Yogendra\PolicyBazaar\screenshots\validateUserName.png]]>
            </line>
          </reporter-output>
        </test-method> <!-- validateUserName -->
        <test-method is-config="true" signature="logoutFromPolicyBazaar()[pri:0, instance:test.PB_TC_1020_ValidatePolicyUserName@53045c6c]" started-at="2023-07-01T09:04:33 IST" name="logoutFromPolicyBazaar" finished-at="2023-07-01T09:04:33 IST" duration-ms="167" status="PASS">
          <reporter-output>
            <line>
              <![CDATA[logging out...]]>
            </line>
          </reporter-output>
        </test-method> <!-- logoutFromPolicyBazaar -->
        <test-method is-config="true" signature="closePoilicyBazaar()[pri:0, instance:test.PB_TC_1020_ValidatePolicyUserName@53045c6c]" started-at="2023-07-01T09:04:33 IST" name="closePoilicyBazaar" finished-at="2023-07-01T09:04:34 IST" duration-ms="1287" status="PASS">
          <reporter-output>
            <line>
              <![CDATA[waiting for 1000 milli sec]]>
            </line>
            <line>
              <![CDATA[Closing Browser]]>
            </line>
          </reporter-output>
        </test-method> <!-- closePoilicyBazaar -->
      </class> <!-- test.PB_TC_1020_ValidatePolicyUserName -->
    </test> <!-- Test -->
  </suite> <!-- Suite -->
</testng-results>
